<?xml version="1.0" encoding="UTF-8"?>
<testng-results skipped="0" failed="0" total="1" passed="1">
  <reporter-output>
  </reporter-output>
  <suite name="Default suite" duration-ms="56336" started-at="2016-02-25T01:30:03Z" finished-at="2016-02-25T01:30:59Z">
    <groups>
    </groups>
    <test name="Default test" duration-ms="56336" started-at="2016-02-25T01:30:03Z" finished-at="2016-02-25T01:30:59Z">
      <class name="com.bdd.SkyGo.SkyGoSmokeTest.StreamSkySportsTwo">
        <test-method status="PASS" signature="beforeClass()[pri:0, instance:com.bdd.SkyGo.SkyGoSmokeTest.StreamSkySportsTwo@3d8c7aca]" name="beforeClass" is-config="true" duration-ms="7426" started-at="2016-02-25T01:30:03Z" finished-at="2016-02-25T01:30:10Z">
          <reporter-output>
          </reporter-output>
        </test-method> <!-- beforeClass -->
        <test-method status="PASS" signature="runSkySportsTwo()[pri:0, instance:com.bdd.SkyGo.SkyGoSmokeTest.StreamSkySportsTwo@3d8c7aca]" name="runSkySportsTwo" duration-ms="48824" started-at="2016-02-25T01:30:10Z" finished-at="2016-02-25T01:30:59Z">
          <reporter-output>
          </reporter-output>
        </test-method> <!-- runSkySportsTwo -->
        <test-method status="PASS" signature="afterClass()[pri:0, instance:com.bdd.SkyGo.SkyGoSmokeTest.StreamSkySportsTwo@3d8c7aca]" name="afterClass" is-config="true" duration-ms="70" started-at="2016-02-25T01:30:59Z" finished-at="2016-02-25T01:30:59Z">
          <reporter-output>
          </reporter-output>
        </test-method> <!-- afterClass -->
      </class> <!-- com.bdd.SkyGo.SkyGoSmokeTest.StreamSkySportsTwo -->
    </test> <!-- Default test -->
  </suite> <!-- Default suite -->
</testng-results>
